0 info it worked if it ends with ok
1 verbose cli [ 'C:\\Program Files (x86)\\nodejs\\node.exe',
1 verbose cli   'C:\\Users\\Khue\\AppData\\Roaming\\npm\\node_modules\\npm\\bin\\npm-cli.js',
1 verbose cli   'start' ]
2 info using npm@3.5.1
3 info using node@v5.1.1
4 verbose run-script [ 'prestart', 'start', 'poststart' ]
5 info lifecycle inventoryexp_2015@0.0.0-1~prestart: inventoryexp_2015@0.0.0-1
6 silly lifecycle inventoryexp_2015@0.0.0-1~prestart: no script for prestart, continuing
7 info lifecycle inventoryexp_2015@0.0.0-1~start: inventoryexp_2015@0.0.0-1
8 verbose lifecycle inventoryexp_2015@0.0.0-1~start: unsafe-perm in lifecycle true
9 verbose lifecycle inventoryexp_2015@0.0.0-1~start: PATH: C:\Users\Khue\AppData\Roaming\npm\node_modules\npm\bin\node-gyp-bin;C:\Users\Khue\Desktop\Lily\inventory\inventoryexp\node_modules\.bin;C:\ProgramData\Oracle\Java\javapath;C:\Ruby22-x64\bin;C:\MinGW\bin;C:\MinGW\libexec\gcc\x86_64-pc-mingw32\4.9.1;C:\Users\Khue\gcc\bin;C:\Users\Khue\gcc\libexec\gcc\x86_64-pc-mingw32\4.9.1;C:\Program Files\Common Files\Microsoft Shared\Windows Live;C:\Program Files (x86)\Common Files\Microsoft Shared\Windows Live;c:\Program Files (x86)\Intel\iCLS Client\;c:\Program Files\Intel\iCLS Client\;c:\Program Files (x86)\AMD APP\bin\x86_64;c:\Program Files (x86)\AMD APP\bin\x86;C:\WINDOWS\system32;C:\WINDOWS;C:\WINDOWS\System32\Wbem;C:\WINDOWS\System32\WindowsPowerShell\v1.0\;c:\Program Files (x86)\ATI Technologies\ATI.ACE\Core-Static;C:\Program Files (x86)\Windows Live\Shared;C:\Program Files\Microsoft\Web Platform Installer\;C:\xampp\php;C:\Program Files\Java\jdk1.8.0_66\bin;C:\Program Files (x86)\Common Files\Teleca Shared;C:\Program Files\TortoiseSVN\bin;C:\Program Files\Microsoft SQL Server\110\Tools\Binn\;C:\Program Files (x86)\Microsoft SQL Server\110\Tools\Binn\;C:\Program Files\Microsoft SQL Server\110\DTS\Binn\;C:\Program Files (x86)\Microsoft SQL Server\110\Tools\Binn\ManagementStudio\;C:\Program Files (x86)\Microsoft SQL Server\110\DTS\Binn\;C:\Program Files (x86)\GtkSharp\2.12\bin;C:\ProgramData\ComposerSetup\bin;C:\Users\Khue\AppData\Roaming\Composer\vendor\bin;C:\Program Files\MATLAB\R2015a\bin;C:\cygwin64\bin;C:\Program Files (x86)\Windows Kits\8.1\Windows Performance Toolkit\;C:\Program Files (x86)\Microsoft SDKs\TypeScript\1.0\;C:\Program Files\Microsoft SQL Server\120\Tools\Binn\;C:\Program Files (x86)\Heroku\bin;C:\Program Files (x86)\git\cmd;C:\Program Files (x86)\Git\cmd;C:\Program Files\Curl\;C:\Python32\Scripts;C:\Users\Khue\AppData\Local\Android\Sdk\platform-tools;;C:\Users\Khue\AppData\Local\Android\Sdk\platform-tools;C:\Users\Khue\AppData\Local\Android\Sdk\tools;C:\Users\Khue\Desktop\Sumer2015\JobKred;C:\Users\Khue\Desktop\Sumer2015\JoyPoter\android-ndk-r10e;C:\Program Files (x86)\nodejs\;C:\Program Files (x86)\Skype\Phone\;C:\Users\Khue\AppData\Local\Programs\minghc-7.8.4-x86_64\switch;C:\Users\Khue\AppData\Local\Programs\minghc-7.8.4-x86_64\git-2.4.0.1\cmd;C:\Users\Khue\AppData\Local\Programs\minghc-7.8.4-x86_64\git-2.4.0.1\usr\bin;C:\Users\Khue\AppData\Local\Programs\minghc-7.8.4-x86_64\ghc-7.8.4\mingw\bin;C:\Users\Khue\AppData\Local\Programs\minghc-7.8.4-x86_64\ghc-7.8.4\bin;C:\Users\Khue\AppData\Local\Programs\minghc-7.8.4-x86_64\bin;C:\Users\Khue\AppData\Roaming\cabal\bin;C:\Program Files\Java\jdk1.7.0_51\bin;E:\ANDROID\apache-ant-1.9.4\bin;C:\Users\Khue\Desktop\CODE ALGORITHM\Android\adt-bundle-windows-x86_64\sdk\tools;C:\Users\Khue\Desktop\CODE ALGORITHM\Android\adt-bundle-windows-x86_64\sdk\platform-tools;C:\Users\Khue\Desktop\NTU_AY14_15\CZ3003 SOFTWARE ANALYSIS\LAB\REST\jar zip\activator-1.2.10-minimal;C:\Users\Khue\AppData\Roaming\npm;C:\Program Files (x86)\Microsoft VS Code\bin
10 verbose lifecycle inventoryexp_2015@0.0.0-1~start: CWD: C:\Users\Khue\Desktop\Lily\inventory\inventoryexp
11 silly lifecycle inventoryexp_2015@0.0.0-1~start: Args: [ '/d /s /c',
11 silly lifecycle   'BUILD_DEV=1 BUILD_STAGING=1 ./node_modules/webpack-dev-server/bin/webpack-dev-server.js' ]
12 silly lifecycle inventoryexp_2015@0.0.0-1~start: Returned: code: 1  signal: null
13 info lifecycle inventoryexp_2015@0.0.0-1~start: Failed to exec start script
14 verbose stack Error: inventoryexp_2015@0.0.0-1 start: `BUILD_DEV=1 BUILD_STAGING=1 ./node_modules/webpack-dev-server/bin/webpack-dev-server.js`
14 verbose stack Exit status 1
14 verbose stack     at EventEmitter.<anonymous> (C:\Users\Khue\AppData\Roaming\npm\node_modules\npm\lib\utils\lifecycle.js:232:16)
14 verbose stack     at emitTwo (events.js:87:13)
14 verbose stack     at EventEmitter.emit (events.js:172:7)
14 verbose stack     at ChildProcess.<anonymous> (C:\Users\Khue\AppData\Roaming\npm\node_modules\npm\lib\utils\spawn.js:24:14)
14 verbose stack     at emitTwo (events.js:87:13)
14 verbose stack     at ChildProcess.emit (events.js:172:7)
14 verbose stack     at maybeClose (internal/child_process.js:818:16)
14 verbose stack     at Process.ChildProcess._handle.onexit (internal/child_process.js:211:5)
15 verbose pkgid inventoryexp_2015@0.0.0-1
16 verbose cwd C:\Users\Khue\Desktop\Lily\inventory\inventoryexp
17 error Windows_NT 6.1.7601
18 error argv "C:\\Program Files (x86)\\nodejs\\node.exe" "C:\\Users\\Khue\\AppData\\Roaming\\npm\\node_modules\\npm\\bin\\npm-cli.js" "start"
19 error node v5.1.1
20 error npm  v3.5.1
21 error code ELIFECYCLE
22 error inventoryexp_2015@0.0.0-1 start: `BUILD_DEV=1 BUILD_STAGING=1 ./node_modules/webpack-dev-server/bin/webpack-dev-server.js`
22 error Exit status 1
23 error Failed at the inventoryexp_2015@0.0.0-1 start script 'BUILD_DEV=1 BUILD_STAGING=1 ./node_modules/webpack-dev-server/bin/webpack-dev-server.js'.
23 error Make sure you have the latest version of node.js and npm installed.
23 error If you do, this is most likely a problem with the inventoryexp_2015 package,
23 error not with npm itself.
23 error Tell the author that this fails on your system:
23 error     BUILD_DEV=1 BUILD_STAGING=1 ./node_modules/webpack-dev-server/bin/webpack-dev-server.js
23 error You can get information on how to open an issue for this project with:
23 error     npm bugs inventoryexp_2015
23 error Or if that isn't available, you can get their info via:
23 error     npm owner ls inventoryexp_2015
23 error There is likely additional logging output above.
24 verbose exit [ 1, true ]
